gogps/app/build/outputs/logs/manifest-merger-debug-report.txt
-- Merging decision tree log ---
manifest
ADDED from src\main\AndroidManifest.xml:2:1-41:12
	package
		ADDED from src\main\AndroidManifest.xml:3:5-28
		INJECTED from src\main\AndroidManifest.xml
		INJECTED from src\main\AndroidManifest.xml
	android:versionName
		ADDED from src\main\AndroidManifest.xml:5:5-30
		INJECTED from src\main\AndroidManifest.xml
		INJECTED from src\main\AndroidManifest.xml
	android:versionCode
		ADDED from src\main\AndroidManifest.xml:4:5-28
		INJECTED from src\main\AndroidManifest.xml
		INJECTED from src\main\AndroidManifest.xml
	xmlns:android
		ADDED from src\main\AndroidManifest.xml:2:11-69
uses-sdk
ADDED from src\main\AndroidManifest.xml:7:5-8:46
	android:targetSdkVersion
		ADDED from src\main\AndroidManifest.xml:8:15-43
		INJECTED from src\main\AndroidManifest.xml
		INJECTED from src\main\AndroidManifest.xml
	android:minSdkVersion
		ADDED from src\main\AndroidManifest.xml:7:15-40
		INJECTED from src\main\AndroidManifest.xml
		INJECTED from src\main\AndroidManifest.xml
uses-permission#android.permission.ACCESS_FINE_LOCATION
ADDED from src\main\AndroidManifest.xml:9:5-95
	android:name
		ADDED from src\main\AndroidManifest.xml:9:22-76
uses-permission#android.permission.WRITE_EXTERNAL_STORAGE
ADDED from src\main\AndroidManifest.xml:10:2-94
	android:name
		ADDED from src\main\AndroidManifest.xml:10:19-75
application
ADDED from src\main\AndroidManifest.xml:12:5-39:16
	android:label
		ADDED from src\main\AndroidManifest.xml:14:9-41
	android:icon
		ADDED from src\main\AndroidManifest.xml:13:9-45
activity#com.gdg.csub1.Csub1Activity
ADDED from src\main\AndroidManifest.xml:15:9-22:20
	android:label
		ADDED from src\main\AndroidManifest.xml:17:13-45
	android:name
		ADDED from src\main\AndroidManifest.xml:16:13-42
intent-filter#android.intent.action.MAIN+android.intent.category.LAUNCHER
ADDED from src\main\AndroidManifest.xml:18:13-21:29
action#android.intent.action.MAIN
ADDED from src\main\AndroidManifest.xml:19:17-69
	android:name
		ADDED from src\main\AndroidManifest.xml:19:25-66
category#android.intent.category.LAUNCHER
ADDED from src\main\AndroidManifest.xml:20:17-77
	android:name
		ADDED from src\main\AndroidManifest.xml:20:27-74
activity#com.gdg.csub1.ListBuildingsActivity
ADDED from src\main\AndroidManifest.xml:23:9-68
	android:name
		ADDED from src\main\AndroidManifest.xml:23:19-56
activity#com.gdg.csub1.CompassActivity
ADDED from src\main\AndroidManifest.xml:24:9-63
	android:name
		ADDED from src\main\AndroidManifest.xml:24:19-50
activity#com.gdg.csub1.ListYourMenuActivity
ADDED from src\main\AndroidManifest.xml:25:3-62
	android:name
		ADDED from src\main\AndroidManifest.xml:25:13-49
activity#com.gdg.csub1.ListYourPlacesActivity
ADDED from src\main\AndroidManifest.xml:26:3-29:14
	android:label
		ADDED from src\main\AndroidManifest.xml:28:4-36
	android:name
		ADDED from src\main\AndroidManifest.xml:27:4-42
activity#com.gdg.csub1.ListYourCarActivity
ADDED from src\main\AndroidManifest.xml:30:3-33:14
	android:label
		ADDED from src\main\AndroidManifest.xml:32:4-36
	android:name
		ADDED from src\main\AndroidManifest.xml:31:4-39
activity#com.gdg.csub1.AddPlaceActivity
ADDED from src\main\AndroidManifest.xml:34:3-37:20
	android:label
		ADDED from src\main\AndroidManifest.xml:36:4-36
	android:name
		ADDED from src\main\AndroidManifest.xml:35:4-36